{
  "RSpec": {
    "coverage": {
      "/home/fabio_iwao/portal-solar-dev-test/app/helpers/application_helper.rb": {
        "lines": [
          1,
          null
        ]
      },
      "/home/fabio_iwao/portal-solar-dev-test/app/channels/application_cable/channel.rb": {
        "lines": [
          0,
          0,
          0,
          0
        ],
        "branches": {
        }
      },
      "/home/fabio_iwao/portal-solar-dev-test/app/channels/application_cable/connection.rb": {
        "lines": [
          0,
          0,
          0,
          0
        ],
        "branches": {
        }
      },
      "/home/fabio_iwao/portal-solar-dev-test/app/controllers/application_controller.rb": {
        "lines": [
          0,
          0,
          0
        ],
        "branches": {
        }
      },
      "/home/fabio_iwao/portal-solar-dev-test/app/controllers/power_generators_controller.rb": {
        "lines": [
          0,
          0,
          0,
          0,
          0
        ],
        "branches": {
        }
      },
      "/home/fabio_iwao/portal-solar-dev-test/app/models/application_record.rb": {
        "lines": [
          0,
          0,
          0
        ],
        "branches": {
        }
      },
      "/home/fabio_iwao/portal-solar-dev-test/app/models/freight.rb": {
        "lines": [
          0,
          0,
          0
        ],
        "branches": {
        }
      },
      "/home/fabio_iwao/portal-solar-dev-test/app/models/power_generator.rb": {
        "lines": [
          0,
          0,
          0,
          0,
          0,
          0,
          null,
          0,
          0,
          0,
          0,
          0,
          0,
          0,
          0,
          null,
          0
        ],
        "branches": {
        }
      }
    },
    "timestamp": 1595738700
  }
}
